<?xml version="1.0" encoding="utf-8"?><testsuites name="pytest tests"><testsuite name="pytest" errors="3" failures="0" skipped="4" tests="7" time="1.093" timestamp="2025-12-16T01:46:34.199470+00:00" hostname="infinite-shoveler"><testcase classname="" name="tests.integration" time="0.000"><error message="collection failure">../.local/lib/python3.10/site-packages/pluggy/_hooks.py:512: in __call__
    return self._hookexec(self.name, self._hookimpls.copy(), kwargs, firstresult)
../.local/lib/python3.10/site-packages/pluggy/_manager.py:120: in _hookexec
    return self._inner_hookexec(hook_name, methods, kwargs, firstresult)
../.local/lib/python3.10/site-packages/_pytest/python.py:193: in pytest_collect_file
    module: Module = ihook.pytest_pycollect_makemodule(
../.local/lib/python3.10/site-packages/_pytest/config/compat.py:79: in fixed_hook
    return hook(**kw)
../.local/lib/python3.10/site-packages/pluggy/_hooks.py:512: in __call__
    return self._hookexec(self.name, self._hookimpls.copy(), kwargs, firstresult)
../.local/lib/python3.10/site-packages/pluggy/_manager.py:120: in _hookexec
    return self._inner_hookexec(hook_name, methods, kwargs, firstresult)
/opt/ros/humble/lib/python3.10/site-packages/launch_testing/pytest/hooks.py:193: in pytest_pycollect_makemodule
    entrypoint = find_launch_test_entrypoint(path)
/opt/ros/humble/lib/python3.10/site-packages/launch_testing/pytest/hooks.py:180: in find_launch_test_entrypoint
    module = import_path(path, root=None, consider_namespace_packages=False)
../.local/lib/python3.10/site-packages/_pytest/pathlib.py:587: in import_path
    importlib.import_module(module_name)
/usr/lib/python3.10/importlib/__init__.py:126: in import_module
    return _bootstrap._gcd_import(name[level:], package, level)
&lt;frozen importlib._bootstrap&gt;:1050: in _gcd_import
    ???
&lt;frozen importlib._bootstrap&gt;:1027: in _find_and_load
    ???
&lt;frozen importlib._bootstrap&gt;:1006: in _find_and_load_unlocked
    ???
&lt;frozen importlib._bootstrap&gt;:688: in _load_unlocked
    ???
../.local/lib/python3.10/site-packages/_pytest/assertion/rewrite.py:186: in exec_module
    exec(co, module.__dict__)
tests/integration/test_ros2_state_machine_bridge.py:17: in &lt;module&gt;
    from bridges.ros2_state_machine_bridge import SystemState
E   ModuleNotFoundError: No module named 'bridges.ros2_state_machine_bridge'</error></testcase><testcase classname="" name="tests.performance" time="0.000"><error message="collection failure">../.local/lib/python3.10/site-packages/pluggy/_hooks.py:512: in __call__
    return self._hookexec(self.name, self._hookimpls.copy(), kwargs, firstresult)
../.local/lib/python3.10/site-packages/pluggy/_manager.py:120: in _hookexec
    return self._inner_hookexec(hook_name, methods, kwargs, firstresult)
../.local/lib/python3.10/site-packages/_pytest/python.py:193: in pytest_collect_file
    module: Module = ihook.pytest_pycollect_makemodule(
../.local/lib/python3.10/site-packages/_pytest/config/compat.py:79: in fixed_hook
    return hook(**kw)
../.local/lib/python3.10/site-packages/pluggy/_hooks.py:512: in __call__
    return self._hookexec(self.name, self._hookimpls.copy(), kwargs, firstresult)
../.local/lib/python3.10/site-packages/pluggy/_manager.py:120: in _hookexec
    return self._inner_hookexec(hook_name, methods, kwargs, firstresult)
/opt/ros/humble/lib/python3.10/site-packages/launch_testing/pytest/hooks.py:193: in pytest_pycollect_makemodule
    entrypoint = find_launch_test_entrypoint(path)
/opt/ros/humble/lib/python3.10/site-packages/launch_testing/pytest/hooks.py:180: in find_launch_test_entrypoint
    module = import_path(path, root=None, consider_namespace_packages=False)
../.local/lib/python3.10/site-packages/_pytest/pathlib.py:587: in import_path
    importlib.import_module(module_name)
/usr/lib/python3.10/importlib/__init__.py:126: in import_module
    return _bootstrap._gcd_import(name[level:], package, level)
&lt;frozen importlib._bootstrap&gt;:1050: in _gcd_import
    ???
&lt;frozen importlib._bootstrap&gt;:1027: in _find_and_load
    ???
&lt;frozen importlib._bootstrap&gt;:1006: in _find_and_load_unlocked
    ???
&lt;frozen importlib._bootstrap&gt;:688: in _load_unlocked
    ???
../.local/lib/python3.10/site-packages/_pytest/assertion/rewrite.py:186: in exec_module
    exec(co, module.__dict__)
tests/performance/test_performance_load.py:21: in &lt;module&gt;
    from src.bridges.priority_message_router import PriorityMessageRouter
E   ModuleNotFoundError: No module named 'src.bridges.priority_message_router'</error></testcase><testcase classname="" name="tests.system" time="0.000"><skipped message="collection skipped">('/home/ubuntu/urc-machiato-2026/tests/system/test_missions.py', 43, 'Skipped: missions package not importable; system mission tests require missions to be installed/packaged.')</skipped></testcase><testcase classname="" name="tests.unit.control" time="0.000"><skipped message="collection skipped">('/home/ubuntu/urc-machiato-2026/tests/unit/control/test_state_machine.py', 32, 'Skipped: autonomy_state_machine package not importable; state machine unit tests require state_management to be on PYTHONPATH.')</skipped></testcase><testcase classname="" name="tests.unit.safety" time="0.000"><skipped message="collection skipped">('/home/ubuntu/urc-machiato-2026/tests/unit/safety/test_safety_manager.py', 33, 'Skipped: autonomy_state_machine.safety_manager not importable; safety unit tests require state_management to be on PYTHONPATH.')</skipped></testcase><testcase classname="" name="tests.unit.state_management" time="0.000"><skipped message="collection skipped">('/home/ubuntu/urc-machiato-2026/tests/unit/state_management/test_core_states.py', 29, 'Skipped: autonomy_state_machine package not importable')</skipped></testcase><testcase classname="" name="tests.unit.test_utilities" time="0.000"><error message="collection failure">../.local/lib/python3.10/site-packages/_pytest/python.py:498: in importtestmodule
    mod = import_path(
../.local/lib/python3.10/site-packages/_pytest/pathlib.py:587: in import_path
    importlib.import_module(module_name)
/usr/lib/python3.10/importlib/__init__.py:126: in import_module
    return _bootstrap._gcd_import(name[level:], package, level)
&lt;frozen importlib._bootstrap&gt;:1050: in _gcd_import
    ???
&lt;frozen importlib._bootstrap&gt;:1027: in _find_and_load
    ???
&lt;frozen importlib._bootstrap&gt;:1006: in _find_and_load_unlocked
    ???
&lt;frozen importlib._bootstrap&gt;:688: in _load_unlocked
    ???
../.local/lib/python3.10/site-packages/_pytest/assertion/rewrite.py:177: in exec_module
    source_stat, co = _rewrite_test(fn, self.config)
../.local/lib/python3.10/site-packages/_pytest/assertion/rewrite.py:357: in _rewrite_test
    tree = ast.parse(source, filename=strfn)
/usr/lib/python3.10/ast.py:50: in parse
    return compile(source, filename, mode, flags,
E     File "/home/ubuntu/urc-machiato-2026/tests/unit/test_utilities.py", line 57
E       def get_logger(self):
E                            ^
E   IndentationError: unindent does not match any outer indentation level</error></testcase></testsuite></testsuites>