<?xml version="1.0" encoding="utf-8"?><testsuites name="pytest tests"><testsuite name="pytest" errors="0" failures="0" skipped="1" tests="14" time="0.043" timestamp="2026-02-01T18:29:38.572141-08:00" hostname="durian-L-CLASS"><testcase classname="unit.core.test_hybrid_controller_logic.TestHybridControllerLogic" name="test_emergency_wins" time="0.016" /><testcase classname="unit.core.test_hybrid_controller_logic.TestHybridControllerLogic" name="test_override_over_mode" time="0.000" /><testcase classname="unit.core.test_hybrid_controller_logic.TestHybridControllerLogic" name="test_mode_when_no_override" time="0.000" /><testcase classname="unit.core.test_hybrid_controller_logic.TestHybridControllerLogic" name="test_emergency_stop_active_flat_key" time="0.000" /><testcase classname="unit.core.test_blackboard_keys_schema.TestBlackboardKeysSchema" name="test_flat_keys_exist" time="0.000" /><testcase classname="unit.core.test_blackboard_keys_schema.TestBlackboardKeysSchema" name="test_dot_keys_auto_namespace" time="0.000" /><testcase classname="unit.core.test_blackboard_keys_schema.TestBlackboardKeysSchema" name="test_dot_keys_system_namespace" time="0.000" /><testcase classname="unit.core.test_blackboard_persistence.TestBlackboardPersistenceLogic" name="test_persisted_keys_include_mission_and_mode" time="0.000"><skipped type="pytest.skip" message="core.blackboard_keys not available (run with PYTHONPATH=src)">/home/durian/urc-machiato-2026/tests/unit/core/test_blackboard_persistence.py:45: core.blackboard_keys not available (run with PYTHONPATH=src)</skipped></testcase><testcase classname="unit.core.test_blackboard_persistence.TestBlackboardPersistenceLogic" name="test_load_skips_emergency_stop" time="0.000" /><testcase classname="unit.core.test_blackboard_persistence.TestBlackboardPersistenceLogic" name="test_save_format_json" time="0.000" /><testcase classname="unit.core.test_adaptive_state_machine_hybrid.TestAdaptiveStateMachineHybrid" name="test_emergency_stop_allowed_from_any_state" time="0.000" /><testcase classname="unit.core.test_adaptive_state_machine_hybrid.TestAdaptiveStateMachineHybrid" name="test_battery_threshold_contract" time="0.000" /><testcase classname="unit.core.test_adaptive_state_machine_hybrid.TestAdaptiveStateMachineHybrid" name="test_valid_transitions_idle_to_autonomous" time="0.000" /><testcase classname="unit.core.test_adaptive_state_machine_hybrid.TestAdaptiveStateMachineHybrid" name="test_mode_request_and_flags_contract" time="0.000" /></testsuite></testsuites>